13-Apr-2022 15:57:07.463 INFOS [main] org.apache.catalina.startup.VersionLoggerListener.log Nom version serveur :              Apache Tomcat/8.5.78
13-Apr-2022 15:57:07.465 INFOS [main] org.apache.catalina.startup.VersionLoggerListener.log Serveur compilé :                  Mar 31 2022 16:05:28 UTC
13-Apr-2022 15:57:07.465 INFOS [main] org.apache.catalina.startup.VersionLoggerListener.log Version du serveur :               8.5.78.0
13-Apr-2022 15:57:07.465 INFOS [main] org.apache.catalina.startup.VersionLoggerListener.log Nom de l'OS :                      Linux
13-Apr-2022 15:57:07.465 INFOS [main] org.apache.catalina.startup.VersionLoggerListener.log Version OS :                       5.4.0-107-generic
13-Apr-2022 15:57:07.465 INFOS [main] org.apache.catalina.startup.VersionLoggerListener.log Architecture :                     amd64
13-Apr-2022 15:57:07.465 INFOS [main] org.apache.catalina.startup.VersionLoggerListener.log Java Home :                        /usr/lib/jvm/java-8-openjdk-amd64/jre
13-Apr-2022 15:57:07.465 INFOS [main] org.apache.catalina.startup.VersionLoggerListener.log Version JVM :                      1.8.0_312-8u312-b07-0ubuntu1~20.04-b07
13-Apr-2022 15:57:07.465 INFOS [main] org.apache.catalina.startup.VersionLoggerListener.log Fournisseur de la JVM :            Private Build
13-Apr-2022 15:57:07.465 INFOS [main] org.apache.catalina.startup.VersionLoggerListener.log CATALINA_BASE :                    /home/heon/01-SPRINT/00-PROJET-DSPACE-VIVO-V2/00-GIT/DSpace-VIVO/deploy/app-tomcat
13-Apr-2022 15:57:07.465 INFOS [main] org.apache.catalina.startup.VersionLoggerListener.log CATALINA_HOME :                    /home/heon/01-SPRINT/00-PROJET-DSPACE-VIVO-V2/00-GIT/DSpace-VIVO/deploy/app-tomcat
13-Apr-2022 15:57:07.465 INFOS [main] org.apache.catalina.startup.VersionLoggerListener.log Argument de la ligne de commande : -Djava.util.logging.config.file=/home/heon/01-SPRINT/00-PROJET-DSPACE-VIVO-V2/00-GIT/DSpace-VIVO/deploy/app-tomcat/conf/logging.properties
13-Apr-2022 15:57:07.465 INFOS [main] org.apache.catalina.startup.VersionLoggerListener.log Argument de la ligne de commande : -Djava.util.logging.manager=org.apache.juli.ClassLoaderLogManager
13-Apr-2022 15:57:07.465 INFOS [main] org.apache.catalina.startup.VersionLoggerListener.log Argument de la ligne de commande : -Djdk.tls.ephemeralDHKeySize=2048
13-Apr-2022 15:57:07.466 INFOS [main] org.apache.catalina.startup.VersionLoggerListener.log Argument de la ligne de commande : -Djava.protocol.handler.pkgs=org.apache.catalina.webresources
13-Apr-2022 15:57:07.466 INFOS [main] org.apache.catalina.startup.VersionLoggerListener.log Argument de la ligne de commande : -Dorg.apache.catalina.security.SecurityListener.UMASK=0027
13-Apr-2022 15:57:07.466 INFOS [main] org.apache.catalina.startup.VersionLoggerListener.log Argument de la ligne de commande : -agentlib:jdwp=transport=dt_socket,address=localhost:8000,server=y,suspend=n
13-Apr-2022 15:57:07.466 INFOS [main] org.apache.catalina.startup.VersionLoggerListener.log Argument de la ligne de commande : -Dignore.endorsed.dirs=
13-Apr-2022 15:57:07.466 INFOS [main] org.apache.catalina.startup.VersionLoggerListener.log Argument de la ligne de commande : -Dcatalina.base=/home/heon/01-SPRINT/00-PROJET-DSPACE-VIVO-V2/00-GIT/DSpace-VIVO/deploy/app-tomcat
13-Apr-2022 15:57:07.466 INFOS [main] org.apache.catalina.startup.VersionLoggerListener.log Argument de la ligne de commande : -Dcatalina.home=/home/heon/01-SPRINT/00-PROJET-DSPACE-VIVO-V2/00-GIT/DSpace-VIVO/deploy/app-tomcat
13-Apr-2022 15:57:07.466 INFOS [main] org.apache.catalina.startup.VersionLoggerListener.log Argument de la ligne de commande : -Djava.io.tmpdir=/home/heon/01-SPRINT/00-PROJET-DSPACE-VIVO-V2/00-GIT/DSpace-VIVO/deploy/app-tomcat/temp
13-Apr-2022 15:57:07.466 INFOS [main] org.apache.catalina.core.AprLifecycleListener.lifecycleEvent La librairie Apache Tomcat Native basée sur APR qui permet des performances optimales dans les environnements de production n'a pas été trouvée sur le java.library.path : [/usr/java/packages/lib/amd64:/usr/lib/x86_64-linux-gnu/jni:/lib/x86_64-linux-gnu:/usr/lib/x86_64-linux-gnu:/usr/lib/jni:/lib:/usr/lib]
13-Apr-2022 15:57:07.571 INFOS [main] org.apache.coyote.AbstractProtocol.init Initialisation du gestionnaire de protocole ["http-nio-8080"]
13-Apr-2022 15:57:07.588 INFOS [main] org.apache.catalina.startup.Catalina.load Initialization processed in 620 ms
13-Apr-2022 15:57:07.618 INFOS [main] org.apache.catalina.core.StandardService.startInternal Démarrage du service [Catalina]
13-Apr-2022 15:57:07.619 INFOS [main] org.apache.catalina.core.StandardEngine.startInternal Démarrage du moteur de Servlets : [Apache Tomcat/8.5.78]
13-Apr-2022 15:57:07.627 INFOS [localhost-startStop-1] org.apache.catalina.startup.HostConfig.deployDirectory Déploiement du répertoire d'application web [/home/heon/01-SPRINT/00-PROJET-DSPACE-VIVO-V2/00-GIT/DSpace-VIVO/deploy/app-tomcat/webapps/host-manager]
13-Apr-2022 15:57:07.830 INFOS [localhost-startStop-1] org.apache.catalina.startup.HostConfig.deployDirectory Le déploiement du répertoire [/home/heon/01-SPRINT/00-PROJET-DSPACE-VIVO-V2/00-GIT/DSpace-VIVO/deploy/app-tomcat/webapps/host-manager] de l'application web s'est terminé en [202] ms
13-Apr-2022 15:57:07.830 INFOS [localhost-startStop-1] org.apache.catalina.startup.HostConfig.deployDirectory Déploiement du répertoire d'application web [/home/heon/01-SPRINT/00-PROJET-DSPACE-VIVO-V2/00-GIT/DSpace-VIVO/deploy/app-tomcat/webapps/manager]
13-Apr-2022 15:57:07.845 INFOS [localhost-startStop-1] org.apache.catalina.startup.HostConfig.deployDirectory Le déploiement du répertoire [/home/heon/01-SPRINT/00-PROJET-DSPACE-VIVO-V2/00-GIT/DSpace-VIVO/deploy/app-tomcat/webapps/manager] de l'application web s'est terminé en [15] ms
13-Apr-2022 15:57:07.846 INFOS [localhost-startStop-1] org.apache.catalina.startup.HostConfig.deployDirectory Déploiement du répertoire d'application web [/home/heon/01-SPRINT/00-PROJET-DSPACE-VIVO-V2/00-GIT/DSpace-VIVO/deploy/app-tomcat/webapps/docs]
13-Apr-2022 15:57:07.857 INFOS [localhost-startStop-1] org.apache.catalina.startup.HostConfig.deployDirectory Le déploiement du répertoire [/home/heon/01-SPRINT/00-PROJET-DSPACE-VIVO-V2/00-GIT/DSpace-VIVO/deploy/app-tomcat/webapps/docs] de l'application web s'est terminé en [11] ms
13-Apr-2022 15:57:07.857 INFOS [localhost-startStop-1] org.apache.catalina.startup.HostConfig.deployDirectory Déploiement du répertoire d'application web [/home/heon/01-SPRINT/00-PROJET-DSPACE-VIVO-V2/00-GIT/DSpace-VIVO/deploy/app-tomcat/webapps/examples]
13-Apr-2022 15:57:08.022 INFOS [localhost-startStop-1] org.apache.catalina.startup.HostConfig.deployDirectory Le déploiement du répertoire [/home/heon/01-SPRINT/00-PROJET-DSPACE-VIVO-V2/00-GIT/DSpace-VIVO/deploy/app-tomcat/webapps/examples] de l'application web s'est terminé en [165] ms
13-Apr-2022 15:57:08.022 INFOS [localhost-startStop-1] org.apache.catalina.startup.HostConfig.deployDirectory Déploiement du répertoire d'application web [/home/heon/01-SPRINT/00-PROJET-DSPACE-VIVO-V2/00-GIT/DSpace-VIVO/deploy/app-tomcat/webapps/ROOT]
13-Apr-2022 15:57:08.032 INFOS [localhost-startStop-1] org.apache.catalina.startup.HostConfig.deployDirectory Le déploiement du répertoire [/home/heon/01-SPRINT/00-PROJET-DSPACE-VIVO-V2/00-GIT/DSpace-VIVO/deploy/app-tomcat/webapps/ROOT] de l'application web s'est terminé en [10] ms
13-Apr-2022 15:57:08.033 INFOS [localhost-startStop-1] org.apache.catalina.startup.HostConfig.deployDirectory Déploiement du répertoire d'application web [/home/heon/01-SPRINT/00-PROJET-DSPACE-VIVO-V2/00-GIT/DSpace-VIVO/deploy/app-tomcat/webapps/vivo-dspace]
13-Apr-2022 15:57:11.726 INFOS [localhost-startStop-1] org.apache.jasper.servlet.TldScanner.scanJars Au moins un fichier JAR a été analysé pour trouver des TLDs mais il n'en contenait pas, le mode "debug" du journal peut être activé pour obtenir une liste complète de JAR scannés sans succès ; éviter d'analyser des JARs inutilement peut améliorer sensiblement le temps de démarrage et le temps de compilation des JSPs
13-Apr-2022 15:57:25.375 INFOS [localhost-startStop-1] org.apache.catalina.startup.HostConfig.deployDirectory Le déploiement du répertoire [/home/heon/01-SPRINT/00-PROJET-DSPACE-VIVO-V2/00-GIT/DSpace-VIVO/deploy/app-tomcat/webapps/vivo-dspace] de l'application web s'est terminé en [17 342] ms
13-Apr-2022 15:57:25.399 INFOS [main] org.apache.coyote.AbstractProtocol.start Démarrage du gestionnaire de protocole ["http-nio-8080"]
13-Apr-2022 15:57:25.455 INFOS [main] org.apache.catalina.startup.Catalina.start Server startup in 17866 ms
13-Apr-2022 15:58:10.953 INFOS [main] org.apache.catalina.core.StandardServer.await Une commande d'arrêt valide a été reçue sur le port d'arrêt, arrêt de l'instance du serveur
13-Apr-2022 15:58:10.954 INFOS [main] org.apache.coyote.AbstractProtocol.pause Le gestionnaire de protocole ["http-nio-8080"] est mis en pause
13-Apr-2022 15:58:10.955 INFOS [main] org.apache.catalina.core.StandardService.stopInternal Arrêt du service [Catalina]
13-Apr-2022 15:58:11.017 INFOS [main] org.apache.coyote.AbstractProtocol.stop Arrêt du gestionnaire de protocole ["http-nio-8080"]
13-Apr-2022 15:58:11.023 INFOS [main] org.apache.coyote.AbstractProtocol.destroy Destruction du gestionnaire de protocole ["http-nio-8080"]
